2026-05-08T10:59:37Z | total: 17 | failed: 3
    - oil.nonarkara.org (404)
    - bot.nonarkara.org (404)
    - brain.nonarkara.org (404)
2026-05-08T12:15:35Z | total: 19 | failed: 3
    - oil.nonarkara.org (404)
    - bot.nonarkara.org (404)
    - brain.nonarkara.org (404)
2026-05-08T14:23:13Z | total: 23 | failed: 3
    - oil.nonarkara.org (404)
    - bot.nonarkara.org (404)
    - brain.nonarkara.org (404)
2026-05-08T14:38:03Z | total: 23 | failed: 4
    - tkc.nonarkara.org (404)
    - oil.nonarkara.org (404)
    - bot.nonarkara.org (404)
    - brain.nonarkara.org (404)
2026-05-08T15:58:42Z | total: 25 | failed: 3
    - oil.nonarkara.org (404)
    - bot.nonarkara.org (404)
    - brain.nonarkara.org (404)
2026-05-08T17:40:24Z | total: 26 | failed: 3
    - oil.nonarkara.org (404)
    - bot.nonarkara.org (404)
    - brain.nonarkara.org (404)
2026-05-08T19:19:28Z | total: 26 | failed: 3
    - oil.nonarkara.org (404)
    - bot.nonarkara.org (404)
    - brain.nonarkara.org (404)
2026-05-08T20:33:42Z | total: 27 | failed: 3
    - oil.nonarkara.org (404)
    - bot.nonarkara.org (404)
    - brain.nonarkara.org (404)
2026-05-08T21:59:07Z | total: 27 | failed: 3
    - oil.nonarkara.org (404)
    - bot.nonarkara.org (404)
    - brain.nonarkara.org (404)
2026-05-08T23:03:34Z | total: 27 | failed: 3
    - oil.nonarkara.org (404)
    - bot.nonarkara.org (404)
    - brain.nonarkara.org (404)
2026-05-09T01:15:27Z | total: 27 | failed: 3
    - oil.nonarkara.org (404)
    - bot.nonarkara.org (404)
    - brain.nonarkara.org (404)
2026-05-09T04:48:31Z | total: 28 | failed: 3
    - oil.nonarkara.org (404)
    - bot.nonarkara.org (404)
    - brain.nonarkara.org (404)
2026-05-09T07:07:26Z | total: 29 | failed: 3
    - oil.nonarkara.org (404)
    - bot.nonarkara.org (404)
    - brain.nonarkara.org (404)
